C:\BASANI_HW6\BASANI_HW6\SAMPLE_SKELETON_PROJ_VS2012\SKELETON\RELEASE\SAMPLE.OBJ
C:\BASANI_HW6\BASANI_HW6\SAMPLE_SKELETON_PROJ_VS2012\SKELETON\RELEASE\PLY.OBJ
C:\BASANI_HW6\BASANI_HW6\SAMPLE_SKELETON_PROJ_VS2012\SKELETON\RELEASE\ICVECTOR.OBJ
C:\BASANI_HW6\BASANI_HW6\SAMPLE_SKELETON_PROJ_VS2012\SKELETON\RELEASE\GEOMETRY.OBJ
C:\BASANI_HW6\BASANI_HW6\SAMPLE_SKELETON_PROJ_VS2012\SKELETON\RELEASE\VC110.PDB
C:\BASANI_HW6\BASANI_HW6\SAMPLE_SKELETON_PROJ_VS2012\RELEASE\SKELETON.EXE
C:\BASANI_HW6\BASANI_HW6\SAMPLE_SKELETON_PROJ_VS2012\RELEASE\SKELETON.PDB
C:\basani_hw6\basani_hw6\sample_skeleton_proj_VS2012\Skeleton\Release\Geometry.obj
C:\basani_hw6\basani_hw6\sample_skeleton_proj_VS2012\Skeleton\Release\icVector.obj
C:\basani_hw6\basani_hw6\sample_skeleton_proj_VS2012\Skeleton\Release\ply.obj
C:\basani_hw6\basani_hw6\sample_skeleton_proj_VS2012\Skeleton\Release\sample.obj
C:\basani_hw6\basani_hw6\sample_skeleton_proj_VS2012\Skeleton\Release\cl.command.1.tlog
C:\basani_hw6\basani_hw6\sample_skeleton_proj_VS2012\Skeleton\Release\CL.read.1.tlog
C:\basani_hw6\basani_hw6\sample_skeleton_proj_VS2012\Skeleton\Release\CL.write.1.tlog
C:\basani_hw6\basani_hw6\sample_skeleton_proj_VS2012\Skeleton\Release\link-cvtres.read.1.tlog
C:\basani_hw6\basani_hw6\sample_skeleton_proj_VS2012\Skeleton\Release\link-cvtres.write.1.tlog
C:\basani_hw6\basani_hw6\sample_skeleton_proj_VS2012\Skeleton\Release\link-rc.read.1.tlog
C:\basani_hw6\basani_hw6\sample_skeleton_proj_VS2012\Skeleton\Release\link-rc.write.1.tlog
C:\basani_hw6\basani_hw6\sample_skeleton_proj_VS2012\Skeleton\Release\link.command.1.tlog
C:\basani_hw6\basani_hw6\sample_skeleton_proj_VS2012\Skeleton\Release\link.read.1.tlog
C:\basani_hw6\basani_hw6\sample_skeleton_proj_VS2012\Skeleton\Release\link.read.5.tlog
C:\basani_hw6\basani_hw6\sample_skeleton_proj_VS2012\Skeleton\Release\link.write.1.tlog
C:\basani_hw6\basani_hw6\sample_skeleton_proj_VS2012\Skeleton\Release\vc110.pdb
C:\basani_hw6\basani_hw6\sample_skeleton_proj_VS2012\Release\Skeleton.pdb
C:\basani_hw6\basani_hw6\sample_skeleton_proj_VS2012\Release\Skeleton.exe
