Build started 18-10-2017 02:44:56 PM.
     1>Project "D:\UH\Curriculum\Sem1\Visualization\Assignment_4_Priscilla_Fall2017_Visualisation\Assignment_4_Priscilla_Visualisation\sample_skeleton_proj_VS2013\sample_skeleton_proj_VS2013\Skeleton\Skeleton.vcxproj" on node 2 (Build target(s)).
     1>ClCompile:
         C:\Program Files (x86)\Microsoft Visual Studio 12.0\VC\bin\CL.exe /c /I. /Zi /nologo /W3 /WX- /O2 /Oi /Oy- /GL /D WIN32 /D NDEBUG /D _CONSOLE /D _UNICODE /D UNICODE /Gm- /EHsc /MT /GS /Gy /fp:precise /Zc:wchar_t /Zc:forScope /Fo"Release\\" /Fd"Release\vc120.pdb" /Gd /TP /analyze- /errorReport:prompt sample.cpp
         sample.cpp
     1>sample.cpp(1222): warning C4005: 'X' : macro redefinition
                 sample.cpp(77) : see previous definition of 'X'
     1>sample.cpp(1223): warning C4005: 'Y' : macro redefinition
                 sample.cpp(78) : see previous definition of 'Y'
     1>sample.cpp(1224): warning C4005: 'Z' : macro redefinition
                 sample.cpp(79) : see previous definition of 'Z'
     1>sample.cpp(1598): warning C4305: 'initializing' : truncation from 'double' to 'GLfloat'
     1>sample.cpp(1599): warning C4305: 'initializing' : truncation from 'double' to 'GLfloat'
     1>sample.cpp(1632): warning C4305: '=' : truncation from 'double' to 'GLfloat'
     1>sample.cpp(1819): warning C4305: '=' : truncation from 'double' to 'float'
     1>sample.cpp(1824): warning C4305: '=' : truncation from 'double' to 'float'
     1>sample.cpp(1851): warning C4305: '=' : truncation from 'double' to 'float'
     1>sample.cpp(1856): warning C4305: '=' : truncation from 'double' to 'float'
     1>sample.cpp(1883): warning C4305: '=' : truncation from 'double' to 'float'
     1>sample.cpp(1888): warning C4305: '=' : truncation from 'double' to 'float'
     1>sample.cpp(2563): warning C4101: 'jitter' : unreferenced local variable
       Link:
         C:\Program Files (x86)\Microsoft Visual Studio 12.0\VC\bin\link.exe /ERRORREPORT:PROMPT /OUT:"D:\UH\Curriculum\Sem1\Visualization\Assignment_4_Priscilla_Fall2017_Visualisation\Assignment_4_Priscilla_Visualisation\sample_skeleton_proj_VS2013\sample_skeleton_proj_VS2013\Release\Skeleton.exe" /INCREMENTAL:NO /NOLOGO /LIBPATH:./GL/lib opengl32.lib glut32.lib glu32.lib glui32.2008.lib kernel32.lib user32.lib gdi32.lib winspool.lib comdlg32.lib advapi32.lib shell32.lib ole32.lib oleaut32.lib uuid.lib odbc32.lib odbccp32.lib /MANIFEST /MANIFESTUAC:"level='asInvoker' uiAccess='false'" /manifest:embed /DEBUG /PDB:"D:\UH\Curriculum\Sem1\Visualization\Assignment_4_Priscilla_Fall2017_Visualisation\Assignment_4_Priscilla_Visualisation\sample_skeleton_proj_VS2013\sample_skeleton_proj_VS2013\Release\Skeleton.pdb" /SUBSYSTEM:CONSOLE /OPT:REF /OPT:ICF /LTCG /TLBID:1 /DYNAMICBASE /NXCOMPAT /IMPLIB:"D:\UH\Curriculum\Sem1\Visualization\Assignment_4_Priscilla_Fall2017_Visualisation\Assignment_4_Priscilla_Visualisation\sample_skeleton_proj_VS2013\sample_skeleton_proj_VS2013\Release\Skeleton.lib" /MACHINE:X86 /SAFESEH:NO Release\Geometry.obj
         Release\icVector.obj
         Release\ply.obj
         Release\sample.obj
         Generating code
         Finished generating code
     1>LIBCD.lib(strdup.obj) : warning LNK4099: PDB 'libcd.pdb' was not found with 'LIBCD.lib(strdup.obj)' or at 'D:\UH\Curriculum\Sem1\Visualization\Assignment_4_Priscilla_Fall2017_Visualisation\Assignment_4_Priscilla_Visualisation\sample_skeleton_proj_VS2013\sample_skeleton_proj_VS2013\Release\libcd.pdb'; linking object as if no debug info
         Skeleton.vcxproj -> D:\UH\Curriculum\Sem1\Visualization\Assignment_4_Priscilla_Fall2017_Visualisation\Assignment_4_Priscilla_Visualisation\sample_skeleton_proj_VS2013\sample_skeleton_proj_VS2013\Release\Skeleton.exe
     1>Done Building Project "D:\UH\Curriculum\Sem1\Visualization\Assignment_4_Priscilla_Fall2017_Visualisation\Assignment_4_Priscilla_Visualisation\sample_skeleton_proj_VS2013\sample_skeleton_proj_VS2013\Skeleton\Skeleton.vcxproj" (Build target(s)).

Build succeeded.

Time Elapsed 00:00:08.20
